<?xml version="1.0" encoding="UTF-8"?>
<testsuite name="gemdat.gradle.plugin.VersionTaskTest" tests="2" skipped="0" failures="0" errors="0" timestamp="2024-12-11T14:27:57" hostname="NB22" time="3.288">
  <properties/>
  <testcase name="setVersion_fromDate" classname="gemdat.gradle.plugin.VersionTaskTest" time="3.242"/>
  <testcase name="applyPluginToProject" classname="gemdat.gradle.plugin.VersionTaskTest" time="0.046"/>
  <system-out><![CDATA[Version -> unspecified-20241211_152800
Version -> unspecified-20241211_152800-20241211_152800
Version -> unspecified-20241211_152800
]]></system-out>
  <system-err><![CDATA[]]></system-err>
</testsuite>
